[INFO : setup_db : 26] Database [rjukebox] already exists.
[WARNING : create_table : 17] Table users already exists.
[WARNING : create_table : 17] Table songs already exists.
[INFO : load_db_template : 7] Loading template: check_for_column.template
[INFO : check_if_column_exists : 85] Checking if column [votes] in table [songs] exists.
[WARNING : check_if_column_exists : 88] Column [votes] already exist.
[INFO : load_db_template : 7] Loading template: user_insert.template
[INFO : create_users : 14] Creating test users.
[INFO : input_user : 23] Users successfully added.
[INFO : load_db_template : 7] Loading template: song_insert.template
[INFO : create_songs : 32] Creating test songs.
[INFO : input_songs : 41] Songs successfully added to DB.
[INFO : _log : 113]  * Running on http://127.0.0.1:5000/ (Press CTRL+C to quit)
[INFO : connect_execute_query : 27] Executing query: SELECT * FROM users WHERE token='f53dd840-bf6f-4668-927f-5626978660c1'
[INFO : connect_execute_query : 38] Closing DB after executing query.
[INFO : decor : 30] User [Vanesa Diaz] is authenticated to use this API Endpoint
[INFO : _handle_request : 38] User requested list of songs.
[INFO : connect_execute_query : 27] Executing query: SELECT song_name,artist,genre,yt_link,votes FROM songs
[INFO : connect_execute_query : 38] Closing DB after executing query.
[INFO : _handle_request : 69] Results will be sorted in ascending order
[INFO : _log : 113] 127.0.0.1 - - [08/May/2021 12:30:07] "[37mGET /api/songs HTTP/1.1[0m" 200 -
